{"C:\\Users\\Butofamily\\Documents\\NodejsDemo\\employee-details\\Calculator.js":{"path":"C:\\Users\\Butofamily\\Documents\\NodejsDemo\\employee-details\\Calculator.js","s":{"1":1,"2":1,"3":1,"4":1},"b":{},"f":{"1":1,"2":1},"fnMap":{"1":{"name":"(anonymous_1)","line":1,"loc":{"start":{"line":1,"column":20},"end":{"line":1,"column":34}}},"2":{"name":"(anonymous_2)","line":5,"loc":{"start":{"line":5,"column":26},"end":{"line":5,"column":39}}}},"statementMap":{"1":{"start":{"line":1,"column":0},"end":{"line":3,"column":2}},"2":{"start":{"line":2,"column":1},"end":{"line":2,"column":14}},"3":{"start":{"line":5,"column":0},"end":{"line":7,"column":2}},"4":{"start":{"line":6,"column":1},"end":{"line":6,"column":14}}},"branchMap":{}},"C:\\Users\\Butofamily\\Documents\\NodejsDemo\\employee-details\\app.js":{"path":"C:\\Users\\Butofamily\\Documents\\NodejsDemo\\employee-details\\app.js","s":{"1":1,"2":1,"3":1,"4":1,"5":1,"6":1,"7":1,"8":1,"9":1,"10":1,"11":1,"12":1,"13":1,"14":1,"15":1,"16":1},"b":{"1":[1,1],"2":[1,1]},"f":{"1":1,"2":1},"fnMap":{"1":{"name":"(anonymous_1)","line":23,"loc":{"start":{"line":23,"column":8},"end":{"line":23,"column":34}}},"2":{"name":"(anonymous_2)","line":31,"loc":{"start":{"line":31,"column":47},"end":{"line":31,"column":57}}}},"statementMap":{"1":{"start":{"line":6,"column":0},"end":{"line":7,"column":27}},"2":{"start":{"line":9,"column":0},"end":{"line":9,"column":33}},"3":{"start":{"line":11,"column":0},"end":{"line":11,"column":20}},"4":{"start":{"line":12,"column":0},"end":{"line":12,"column":41}},"5":{"start":{"line":13,"column":0},"end":{"line":13,"column":30}},"6":{"start":{"line":14,"column":0},"end":{"line":14,"column":20}},"7":{"start":{"line":17,"column":0},"end":{"line":17,"column":49}},"8":{"start":{"line":18,"column":0},"end":{"line":18,"column":49}},"9":{"start":{"line":19,"column":0},"end":{"line":19,"column":52}},"10":{"start":{"line":20,"column":0},"end":{"line":20,"column":46}},"11":{"start":{"line":21,"column":0},"end":{"line":21,"column":55}},"12":{"start":{"line":23,"column":0},"end":{"line":29,"column":3}},"13":{"start":{"line":24,"column":1},"end":{"line":28,"column":4}},"14":{"start":{"line":31,"column":0},"end":{"line":33,"column":3}},"15":{"start":{"line":32,"column":2},"end":{"line":32,"column":69}},"16":{"start":{"line":36,"column":0},"end":{"line":36,"column":21}}},"branchMap":{"1":{"line":12,"type":"binary-expr","locations":[{"start":{"line":12,"column":15},"end":{"line":12,"column":31}},{"start":{"line":12,"column":35},"end":{"line":12,"column":39}}]},"2":{"line":24,"type":"binary-expr","locations":[{"start":{"line":24,"column":12},"end":{"line":24,"column":22}},{"start":{"line":24,"column":26},"end":{"line":24,"column":29}}]}}},"C:\\Users\\Butofamily\\Documents\\NodejsDemo\\employee-details\\queries.js":{"path":"C:\\Users\\Butofamily\\Documents\\NodejsDemo\\employee-details\\queries.js","s":{"1":1,"2":1,"3":1,"4":6,"5":6,"6":0,"7":6,"8":6,"9":6,"10":1,"11":1,"12":1,"13":0,"14":1,"15":1,"16":1,"17":1,"18":1,"19":0,"20":1,"21":1,"22":1,"23":1,"24":1,"25":0,"26":1,"27":1,"28":1,"29":1,"30":1,"31":0,"32":1,"33":1,"34":2,"35":2,"36":2,"37":1,"38":1},"b":{"1":[0,6],"2":[0,1],"3":[0,1],"4":[0,1],"5":[0,1],"6":[1,1]},"f":{"1":6,"2":6,"3":6,"4":1,"5":1,"6":1,"7":1,"8":1,"9":1,"10":1,"11":1,"12":2,"13":2},"fnMap":{"1":{"name":"query","line":4,"loc":{"start":{"line":4,"column":0},"end":{"line":4,"column":31}}},"2":{"name":"(anonymous_2)","line":5,"loc":{"start":{"line":5,"column":30},"end":{"line":5,"column":57}}},"3":{"name":"(anonymous_3)","line":7,"loc":{"start":{"line":7,"column":28},"end":{"line":7,"column":49}}},"4":{"name":"(anonymous_4)","line":14,"loc":{"start":{"line":14,"column":26},"end":{"line":14,"column":50}}},"5":{"name":"(anonymous_5)","line":15,"loc":{"start":{"line":15,"column":36},"end":{"line":15,"column":57}}},"6":{"name":"(anonymous_6)","line":26,"loc":{"start":{"line":26,"column":25},"end":{"line":26,"column":49}}},"7":{"name":"(anonymous_7)","line":29,"loc":{"start":{"line":29,"column":37},"end":{"line":29,"column":58}}},"8":{"name":"(anonymous_8)","line":39,"loc":{"start":{"line":39,"column":22},"end":{"line":39,"column":46}}},"9":{"name":"(anonymous_9)","line":42,"loc":{"start":{"line":42,"column":36},"end":{"line":42,"column":57}}},"10":{"name":"(anonymous_10)","line":53,"loc":{"start":{"line":53,"column":25},"end":{"line":53,"column":49}}},"11":{"name":"(anonymous_11)","line":55,"loc":{"start":{"line":55,"column":59},"end":{"line":55,"column":80}}},"12":{"name":"(anonymous_12)","line":66,"loc":{"start":{"line":66,"column":22},"end":{"line":66,"column":46}}},"13":{"name":"(anonymous_13)","line":68,"loc":{"start":{"line":68,"column":61},"end":{"line":68,"column":82}}}},"statementMap":{"1":{"start":{"line":1,"column":0},"end":{"line":1,"column":23}},"2":{"start":{"line":2,"column":0},"end":{"line":2,"column":81}},"3":{"start":{"line":4,"column":0},"end":{"line":12,"column":1}},"4":{"start":{"line":5,"column":1},"end":{"line":11,"column":4}},"5":{"start":{"line":6,"column":2},"end":{"line":6,"column":21}},"6":{"start":{"line":6,"column":10},"end":{"line":6,"column":20}},"7":{"start":{"line":7,"column":2},"end":{"line":10,"column":5}},"8":{"start":{"line":8,"column":3},"end":{"line":8,"column":10}},"9":{"start":{"line":9,"column":3},"end":{"line":9,"column":19}},"10":{"start":{"line":14,"column":0},"end":{"line":24,"column":2}},"11":{"start":{"line":15,"column":1},"end":{"line":23,"column":4}},"12":{"start":{"line":16,"column":2},"end":{"line":16,"column":28}},"13":{"start":{"line":16,"column":10},"end":{"line":16,"column":27}},"14":{"start":{"line":17,"column":2},"end":{"line":22,"column":5}},"15":{"start":{"line":26,"column":0},"end":{"line":37,"column":2}},"16":{"start":{"line":27,"column":1},"end":{"line":27,"column":18}},"17":{"start":{"line":28,"column":1},"end":{"line":36,"column":4}},"18":{"start":{"line":30,"column":2},"end":{"line":30,"column":28}},"19":{"start":{"line":30,"column":10},"end":{"line":30,"column":27}},"20":{"start":{"line":31,"column":2},"end":{"line":35,"column":5}},"21":{"start":{"line":39,"column":0},"end":{"line":50,"column":2}},"22":{"start":{"line":40,"column":1},"end":{"line":40,"column":18}},"23":{"start":{"line":41,"column":1},"end":{"line":49,"column":4}},"24":{"start":{"line":43,"column":2},"end":{"line":43,"column":28}},"25":{"start":{"line":43,"column":10},"end":{"line":43,"column":27}},"26":{"start":{"line":44,"column":2},"end":{"line":48,"column":5}},"27":{"start":{"line":53,"column":0},"end":{"line":63,"column":2}},"28":{"start":{"line":54,"column":1},"end":{"line":54,"column":18}},"29":{"start":{"line":55,"column":1},"end":{"line":62,"column":4}},"30":{"start":{"line":56,"column":2},"end":{"line":56,"column":28}},"31":{"start":{"line":56,"column":10},"end":{"line":56,"column":27}},"32":{"start":{"line":57,"column":2},"end":{"line":61,"column":5}},"33":{"start":{"line":66,"column":0},"end":{"line":77,"column":2}},"34":{"start":{"line":67,"column":1},"end":{"line":67,"column":18}},"35":{"start":{"line":68,"column":1},"end":{"line":76,"column":4}},"36":{"start":{"line":69,"column":2},"end":{"line":69,"column":28}},"37":{"start":{"line":69,"column":10},"end":{"line":69,"column":27}},"38":{"start":{"line":70,"column":2},"end":{"line":75,"column":5}}},"branchMap":{"1":{"line":6,"type":"if","locations":[{"start":{"line":6,"column":2},"end":{"line":6,"column":2}},{"start":{"line":6,"column":2},"end":{"line":6,"column":2}}]},"2":{"line":16,"type":"if","locations":[{"start":{"line":16,"column":2},"end":{"line":16,"column":2}},{"start":{"line":16,"column":2},"end":{"line":16,"column":2}}]},"3":{"line":30,"type":"if","locations":[{"start":{"line":30,"column":2},"end":{"line":30,"column":2}},{"start":{"line":30,"column":2},"end":{"line":30,"column":2}}]},"4":{"line":43,"type":"if","locations":[{"start":{"line":43,"column":2},"end":{"line":43,"column":2}},{"start":{"line":43,"column":2},"end":{"line":43,"column":2}}]},"5":{"line":56,"type":"if","locations":[{"start":{"line":56,"column":2},"end":{"line":56,"column":2}},{"start":{"line":56,"column":2},"end":{"line":56,"column":2}}]},"6":{"line":69,"type":"if","locations":[{"start":{"line":69,"column":2},"end":{"line":69,"column":2}},{"start":{"line":69,"column":2},"end":{"line":69,"column":2}}]}}}}