TN:
SF:C:\Users\Butofamily\Documents\NodejsDemo\employee-details\Calculator.js
FN:1,(anonymous_1)
FN:5,(anonymous_2)
FNF:2
FNH:2
FNDA:1,(anonymous_1)
FNDA:1,(anonymous_2)
DA:1,1
DA:2,1
DA:5,1
DA:6,1
LF:4
LH:4
BRF:0
BRH:0
end_of_record
TN:
SF:C:\Users\Butofamily\Documents\NodejsDemo\employee-details\app.js
FN:23,(anonymous_1)
FN:31,(anonymous_2)
FNF:2
FNH:2
FNDA:1,(anonymous_1)
FNDA:1,(anonymous_2)
DA:6,1
DA:9,1
DA:11,1
DA:12,1
DA:13,1
DA:14,1
DA:17,1
DA:18,1
DA:19,1
DA:20,1
DA:21,1
DA:23,1
DA:24,1
DA:31,1
DA:32,1
DA:36,1
LF:16
LH:16
BRDA:12,1,0,1
BRDA:12,1,1,1
BRDA:24,2,0,1
BRDA:24,2,1,1
BRF:4
BRH:4
end_of_record
TN:
SF:C:\Users\Butofamily\Documents\NodejsDemo\employee-details\queries.js
FN:4,query
FN:5,(anonymous_2)
FN:7,(anonymous_3)
FN:14,(anonymous_4)
FN:15,(anonymous_5)
FN:26,(anonymous_6)
FN:29,(anonymous_7)
FN:39,(anonymous_8)
FN:42,(anonymous_9)
FN:53,(anonymous_10)
FN:55,(anonymous_11)
FN:66,(anonymous_12)
FN:68,(anonymous_13)
FNF:13
FNH:13
FNDA:6,query
FNDA:6,(anonymous_2)
FNDA:6,(anonymous_3)
FNDA:1,(anonymous_4)
FNDA:1,(anonymous_5)
FNDA:1,(anonymous_6)
FNDA:1,(anonymous_7)
FNDA:1,(anonymous_8)
FNDA:1,(anonymous_9)
FNDA:1,(anonymous_10)
FNDA:1,(anonymous_11)
FNDA:2,(anonymous_12)
FNDA:2,(anonymous_13)
DA:1,1
DA:2,1
DA:4,1
DA:5,6
DA:6,6
DA:7,6
DA:8,6
DA:9,6
DA:14,1
DA:15,1
DA:16,1
DA:17,1
DA:26,1
DA:27,1
DA:28,1
DA:30,1
DA:31,1
DA:39,1
DA:40,1
DA:41,1
DA:43,1
DA:44,1
DA:53,1
DA:54,1
DA:55,1
DA:56,1
DA:57,1
DA:66,1
DA:67,2
DA:68,2
DA:69,2
DA:70,1
LF:32
LH:32
BRDA:6,1,0,0
BRDA:6,1,1,6
BRDA:16,2,0,0
BRDA:16,2,1,1
BRDA:30,3,0,0
BRDA:30,3,1,1
BRDA:43,4,0,0
BRDA:43,4,1,1
BRDA:56,5,0,0
BRDA:56,5,1,1
BRDA:69,6,0,1
BRDA:69,6,1,1
BRF:12
BRH:7
end_of_record
